2024-06-02 10:43:40:4340 [32minfo[39m: [32mServer is running and listening on port 3000[39m
2024-06-02 10:47:49:4749 [32minfo[39m: [32mServer is running and listening on port 3000[39m
2024-06-02 10:47:50:4750 [32minfo[39m: [32mServer is running and listening on port 3000[39m
2024-06-02 10:48:27:4827 [32minfo[39m: [32mServer is running and listening on port 3000[39m
2024-06-02 10:48:28:4828 [32minfo[39m: [32mServer is running and listening on port 3000[39m
2024-06-02 10:56:11:5611 [32minfo[39m: [32mServer is running and listening on port 3000[39m
2024-06-02 10:56:23:5623 [32minfo[39m: [32mServer is running and listening on port 3000[39m
2024-06-02 11:01:52:152 [32minfo[39m: [32mServer is running and listening on port 3000[39m
2024-06-02 11:02:39:239 [32minfo[39m: [32mServer is running and listening on port 3000[39m
2024-06-02 11:02:48:248 [32minfo[39m: [32mServer is running and listening on port 3000[39m
2024-06-02 11:02:49:249 [32minfo[39m: [32mConnected to the database[39m
2024-06-02 11:05:52:552 [32minfo[39m: [32mServer is running and listening on port 3000[39m
2024-06-02 11:05:53:553 [32minfo[39m: [32mConnected to the database[39m
2024-06-02 11:06:20:620 [32minfo[39m: [32mServer is running and listening on port 3000[39m
2024-06-02 11:06:20:620 [32minfo[39m: [32mConnected to the database[39m
2024-06-02 11:06:51:651 [32minfo[39m: [32mServer is running and listening on port 3000[39m
2024-06-02 11:06:51:651 [32minfo[39m: [32mConnected to the database[39m
2024-06-02 11:07:03:73 [32minfo[39m: [32mServer is running and listening on port 3000[39m
2024-06-02 11:07:03:73 [32minfo[39m: [32mConnected to the database[39m
2024-06-02 11:07:18:718 [32minfo[39m: [32mServer is running and listening on port 3000[39m
2024-06-02 11:07:46:746 [32minfo[39m: [32mServer is running and listening on port 3000[39m
2024-06-02 11:07:46:746 [32minfo[39m: [32mDatabase can be connected[39m
2024-06-02 11:09:03:93 [32minfo[39m: [32mServer is running and listening on port 3000[39m
2024-06-02 11:09:08:98 [32minfo[39m: [32mServer is running and listening on port 3000[39m
2024-06-02 11:09:14:914 [32minfo[39m: [32mDatabase can be connected[39m
2024-06-02 11:09:48:948 [32minfo[39m: [32mServer is running and listening on port 3000[39m
2024-06-02 11:09:49:949 [32minfo[39m: [32mDatabase can be connected[39m
2024-06-02 11:23:13:2313 [32minfo[39m: [32m<Buffer 6a d7 47 ea c3 b0 92 27 10 c5 b9 d6 3c db 24 83 02 13 a8 f1 a5 fd 42 df af 5f 5c b4 7f b4 1d b6>[39m
2024-06-02 11:23:13:2313 [32minfo[39m: [32mServer is running and listening on port 3000[39m
2024-06-02 11:23:14:2314 [32minfo[39m: [32mDatabase can be connected[39m
2024-06-02 11:23:25:2325 [32minfo[39m: [32m6ad747eac3b0922710c5b9d63cdb24830213a8f1a5fd42dfaf5f5cb47fb41db6[39m
2024-06-02 11:23:25:2325 [32minfo[39m: [32mServer is running and listening on port 3000[39m
2024-06-02 11:23:25:2325 [32minfo[39m: [32mDatabase can be connected[39m
2024-06-02 11:23:33:2333 [32minfo[39m: [32m6ad747eac3b0922710c5b9d63cdb24830213a8f1a5fd42dfaf5f5cb47fb41db6[39m
2024-06-02 11:23:33:2333 [32minfo[39m: [32mServer is running and listening on port 3000[39m
2024-06-02 11:23:33:2333 [32minfo[39m: [32mDatabase can be connected[39m
2024-06-02 11:23:46:2346 [32minfo[39m: [32mServer is running and listening on port 3000[39m
2024-06-02 11:23:47:2347 [32minfo[39m: [32mDatabase can be connected[39m
2024-06-02 11:24:07:247 [32minfo[39m: [32mServer is running and listening on port 3000[39m
2024-06-02 11:24:07:247 [32minfo[39m: [32mDatabase can be connected[39m
2024-06-02 11:24:09:249 [32minfo[39m: [32mServer is running and listening on port 3000[39m
2024-06-02 11:24:09:249 [32minfo[39m: [32mDatabase can be connected[39m
2024-06-02 11:27:07:277 [32minfo[39m: [32mServer is running and listening on port 3000[39m
2024-06-02 11:27:08:278 [32minfo[39m: [32mDatabase can be connected[39m
2024-06-02 11:27:09:279 [32minfo[39m: [32mServer is running and listening on port 3000[39m
2024-06-02 11:27:09:279 [32minfo[39m: [32mDatabase can be connected[39m
2024-06-02 11:27:23:2723 [32minfo[39m: [32mServer is running and listening on port 3000[39m
2024-06-02 11:27:23:2723 [32minfo[39m: [32mDatabase can be connected[39m
2024-06-02 11:27:24:2724 [32minfo[39m: [32mServer is running and listening on port 3000[39m
2024-06-02 11:27:24:2724 [32minfo[39m: [32mDatabase can be connected[39m
2024-06-02 11:28:33:2833 [32minfo[39m: [32mServer is running and listening on port 3000[39m
2024-06-02 11:28:34:2834 [32minfo[39m: [32mDatabase can be connected[39m
2024-06-02 11:28:35:2835 [32minfo[39m: [32mServer is running and listening on port 3000[39m
2024-06-02 11:28:35:2835 [32minfo[39m: [32mDatabase can be connected[39m
2024-06-02 11:28:55:2855 [32minfo[39m: [32mServer is running and listening on port 3000[39m
2024-06-02 11:28:55:2855 [32minfo[39m: [32mDatabase can be connected[39m
2024-06-02 11:28:57:2857 [32minfo[39m: [32mServer is running and listening on port 3000[39m
2024-06-02 11:28:57:2857 [32minfo[39m: [32mDatabase can be connected[39m
2024-06-02 11:30:17:3017 [32minfo[39m: [32mServer is running and listening on port 3000[39m
2024-06-02 11:30:17:3017 [32minfo[39m: [32mDatabase can be connected[39m
2024-06-02 11:30:19:3019 [32minfo[39m: [32mServer is running and listening on port 3000[39m
2024-06-02 11:30:19:3019 [32minfo[39m: [32mDatabase can be connected[39m
2024-06-02 11:32:11:3211 [32minfo[39m: [32mServer is running and listening on port 3000[39m
2024-06-02 11:32:11:3211 [32minfo[39m: [32mDatabase can be connected[39m
2024-06-02 11:32:12:3212 [32minfo[39m: [32mServer is running and listening on port 3000[39m
2024-06-02 11:32:12:3212 [32minfo[39m: [32mDatabase can be connected[39m
2024-06-02 11:38:26:3826 [32minfo[39m: [32mServer is running and listening on port 3000[39m
2024-06-02 11:38:38:3838 [32minfo[39m: [32mDatabase can be connected[39m
2024-06-02 11:38:39:3839 [32minfo[39m: [32mServer is running and listening on port 3000[39m
2024-06-02 11:38:39:3839 [32minfo[39m: [32mDatabase can be connected[39m
2024-06-02 11:39:36:3936 [32minfo[39m: [32mServer is running and listening on port 3000[39m
2024-06-02 11:39:37:3937 [32minfo[39m: [32mDatabase can be connected[39m
2024-06-02 11:39:38:3938 [32minfo[39m: [32mServer is running and listening on port 3000[39m
2024-06-02 11:39:38:3938 [32minfo[39m: [32mDatabase can be connected[39m
2024-06-02 11:41:11:4111 [32minfo[39m: [32mServer is running and listening on port 3000[39m
2024-06-02 11:41:11:4111 [32minfo[39m: [32mDatabase can be connected[39m
2024-06-02 11:41:13:4113 [32minfo[39m: [32mServer is running and listening on port 3000[39m
2024-06-02 11:41:13:4113 [32minfo[39m: [32mDatabase can be connected[39m
2024-06-02 11:42:32:4232 [32minfo[39m: [32mServer is running and listening on port 3000[39m
2024-06-02 11:42:33:4233 [32minfo[39m: [32mDatabase can be connected[39m
2024-06-02 11:42:34:4234 [32minfo[39m: [32mServer is running and listening on port 3000[39m
2024-06-02 11:42:34:4234 [32minfo[39m: [32mDatabase can be connected[39m
2024-06-02 11:42:51:4251 [32minfo[39m: [32mServer is running and listening on port 3000[39m
2024-06-02 11:42:52:4252 [32minfo[39m: [32mDatabase can be connected[39m
2024-06-02 11:42:52:4252 [32minfo[39m: [32mServer is running and listening on port 3000[39m
2024-06-02 11:42:53:4253 [32minfo[39m: [32mDatabase can be connected[39m
2024-06-02 11:44:46:4446 [32minfo[39m: [32mServer is running and listening on port 3000[39m
2024-06-02 11:44:47:4447 [32minfo[39m: [32mDatabase can be connected[39m
2024-06-02 11:48:12:4812 [34mhttp[39m: [34m::1 POST /account/register 200 58 - 1139.070 ms[39m
[34m[39m
2024-06-02 11:48:56:4856 [34mhttp[39m: [34m::1 POST /account/register 200 75 - 1.017 ms[39m
[34m[39m
2024-06-02 11:51:00:510 [32minfo[39m: [32mServer is running and listening on port 3000[39m
2024-06-02 11:51:12:5112 [32minfo[39m: [32mDatabase can be connected[39m
2024-06-02 11:51:15:5115 [34mhttp[39m: [34m::1 POST /account/login 200 267 - 299.570 ms[39m
[34m[39m
2024-06-02 11:52:33:5233 [32minfo[39m: [32mServer is running and listening on port 3000[39m
2024-06-02 11:52:34:5234 [32minfo[39m: [32mDatabase can be connected[39m
2024-06-02 11:52:55:5255 [32minfo[39m: [32mServer is running and listening on port 3000[39m
2024-06-02 11:52:55:5255 [32minfo[39m: [32mDatabase can be connected[39m
2024-06-02 11:52:58:5258 [34mhttp[39m: [34m::1 POST /account/login 200 80 - 344.635 ms[39m
[34m[39m
2024-06-02 11:53:46:5346 [34mhttp[39m: [34m::1 POST /account/login 200 267 - 183.286 ms[39m
[34m[39m
2024-06-02 11:54:50:5450 [34mhttp[39m: [34m::1 PUT /account/update/2b914ec4-1cb9-4f23-9365-bba32a289528 200 75 - 1131.471 ms[39m
[34m[39m
2024-06-02 11:55:23:5523 [32minfo[39m: [32mServer is running and listening on port 3000[39m
2024-06-02 11:55:23:5523 [32minfo[39m: [32mDatabase can be connected[39m
2024-06-02 11:55:26:5526 [34mhttp[39m: [34m::1 PUT /account/update/2b914ec4-1cb9-4f23-9365-bba32a289528 200 2025 - 297.319 ms[39m
[34m[39m
2024-06-02 11:56:07:567 [32minfo[39m: [32mServer is running and listening on port 3000[39m
2024-06-02 11:56:07:567 [32minfo[39m: [32mDatabase can be connected[39m
2024-06-02 11:56:13:5613 [34mhttp[39m: [34m::1 PUT /account/update/2b914ec4-1cb9-4f23-9365-bba32a289528 200 270 - 1986.777 ms[39m
[34m[39m
2024-06-02 12:34:34:3434 [32minfo[39m: [32mServer is running and listening on port 3000[39m
2024-06-02 12:34:46:3446 [32minfo[39m: [32mDatabase can be connected[39m
2024-06-02 12:56:23:5623 [32minfo[39m: [32mServer is running and listening on port 3000[39m
2024-06-02 12:56:35:5635 [32minfo[39m: [32mDatabase can be connected[39m
2024-06-02 12:57:05:575 [32minfo[39m: [32mServer is running and listening on port 3000[39m
2024-06-02 12:57:05:575 [32minfo[39m: [32mDatabase can be connected[39m
2024-06-02 12:57:54:5754 [32minfo[39m: [32mServer is running and listening on port 3000[39m
2024-06-02 12:57:54:5754 [32minfo[39m: [32mDatabase can be connected[39m
2024-06-02 12:58:11:5811 [32minfo[39m: [32mServer is running and listening on port 3000[39m
2024-06-02 12:58:11:5811 [32minfo[39m: [32mDatabase can be connected[39m
2024-06-02 12:58:13:5813 [32minfo[39m: [32mServer is running and listening on port 3000[39m
2024-06-02 12:58:13:5813 [32minfo[39m: [32mDatabase can be connected[39m
2024-06-02 12:58:20:5820 [32minfo[39m: [32mServer is running and listening on port 3000[39m
2024-06-02 12:58:21:5821 [32minfo[39m: [32mDatabase can be connected[39m
2024-06-02 12:58:22:5822 [32minfo[39m: [32mServer is running and listening on port 3000[39m
2024-06-02 12:58:23:5823 [32minfo[39m: [32mDatabase can be connected[39m
2024-06-02 12:59:27:5927 [32minfo[39m: [32mServer is running and listening on port 3000[39m
2024-06-02 12:59:27:5927 [32minfo[39m: [32mDatabase can be connected[39m
2024-06-02 12:59:29:5929 [32minfo[39m: [32mServer is running and listening on port 3000[39m
2024-06-02 12:59:29:5929 [32minfo[39m: [32mDatabase can be connected[39m
2024-06-02 13:08:24:824 [32minfo[39m: [32mServer is running and listening on port 3000[39m
2024-06-02 13:08:25:825 [32minfo[39m: [32mDatabase can be connected[39m
2024-06-02 13:08:26:826 [32minfo[39m: [32mServer is running and listening on port 3000[39m
2024-06-02 13:08:26:826 [32minfo[39m: [32mDatabase can be connected[39m
2024-06-02 13:08:43:843 [32minfo[39m: [32mServer is running and listening on port 3000[39m
2024-06-02 13:08:43:843 [32minfo[39m: [32mDatabase can be connected[39m
2024-06-02 13:08:45:845 [32minfo[39m: [32mServer is running and listening on port 3000[39m
2024-06-02 13:08:45:845 [32minfo[39m: [32mDatabase can be connected[39m
2024-06-02 13:14:03:143 [32minfo[39m: [32mServer is running and listening on port 3000[39m
2024-06-02 13:14:04:144 [32minfo[39m: [32mServer is running and listening on port 3000[39m
2024-06-02 13:14:14:1414 [32minfo[39m: [32mDatabase can be connected[39m
2024-06-02 13:14:54:1454 [32minfo[39m: [32mServer is running and listening on port 3000[39m
2024-06-02 13:14:54:1454 [32minfo[39m: [32mDatabase can be connected[39m
2024-06-02 13:14:56:1456 [32minfo[39m: [32mServer is running and listening on port 3000[39m
2024-06-02 13:14:56:1456 [32minfo[39m: [32mDatabase can be connected[39m
2024-06-02 13:17:47:1747 [32minfo[39m: [32mServer is running and listening on port 3000[39m
2024-06-02 13:17:48:1748 [32minfo[39m: [32mDatabase can be connected[39m
2024-06-02 13:17:49:1749 [32minfo[39m: [32mServer is running and listening on port 3000[39m
2024-06-02 13:17:49:1749 [32minfo[39m: [32mDatabase can be connected[39m
2024-06-02 13:22:44:2244 [32minfo[39m: [32mServer is running and listening on port 3000[39m
2024-06-02 13:22:45:2245 [32minfo[39m: [32mDatabase can be connected[39m
2024-06-02 13:22:46:2246 [32minfo[39m: [32mServer is running and listening on port 3000[39m
2024-06-02 13:22:46:2246 [32minfo[39m: [32mDatabase can be connected[39m
2024-06-02 13:23:39:2339 [32minfo[39m: [32mServer is running and listening on port 3000[39m
2024-06-02 13:23:39:2339 [32minfo[39m: [32mDatabase can be connected[39m
2024-06-02 13:23:55:2355 [32minfo[39m: [32mServer is running and listening on port 3000[39m
2024-06-02 13:23:56:2356 [32minfo[39m: [32mDatabase can be connected[39m
2024-06-02 13:23:58:2358 [32minfo[39m: [32mServer is running and listening on port 3000[39m
2024-06-02 13:23:58:2358 [32minfo[39m: [32mDatabase can be connected[39m
2024-06-02 13:24:00:240 [32minfo[39m: [32mServer is running and listening on port 3000[39m
2024-06-02 13:24:00:240 [32minfo[39m: [32mDatabase can be connected[39m
2024-06-02 13:24:47:2447 [32minfo[39m: [32mServer is running and listening on port 3000[39m
2024-06-02 13:24:47:2447 [32minfo[39m: [32mDatabase can be connected[39m
2024-06-02 13:24:48:2448 [32minfo[39m: [32mServer is running and listening on port 3000[39m
2024-06-02 13:24:49:2449 [32minfo[39m: [32mDatabase can be connected[39m
2024-06-02 13:25:23:2523 [32minfo[39m: [32mServer is running and listening on port 3000[39m
2024-06-02 13:25:23:2523 [32minfo[39m: [32mDatabase can be connected[39m
2024-06-02 13:25:25:2525 [32minfo[39m: [32mServer is running and listening on port 3000[39m
2024-06-02 13:25:25:2525 [32minfo[39m: [32mDatabase can be connected[39m
2024-06-02 13:25:41:2541 [32minfo[39m: [32mServer is running and listening on port 3000[39m
2024-06-02 13:25:41:2541 [32minfo[39m: [32mDatabase can be connected[39m
2024-06-02 13:25:43:2543 [32minfo[39m: [32mServer is running and listening on port 3000[39m
2024-06-02 13:25:43:2543 [32minfo[39m: [32mDatabase can be connected[39m
2024-06-02 13:27:25:2725 [32minfo[39m: [32mServer is running and listening on port 3000[39m
2024-06-02 13:27:25:2725 [32minfo[39m: [32mDatabase can be connected[39m
2024-06-02 13:27:26:2726 [32minfo[39m: [32mServer is running and listening on port 3000[39m
2024-06-02 13:27:26:2726 [32minfo[39m: [32mDatabase can be connected[39m
2024-06-02 13:27:40:2740 [32minfo[39m: [32mServer is running and listening on port 3000[39m
2024-06-02 13:27:40:2740 [32minfo[39m: [32mDatabase can be connected[39m
2024-06-02 13:27:42:2742 [32minfo[39m: [32mServer is running and listening on port 3000[39m
2024-06-02 13:27:42:2742 [32minfo[39m: [32mDatabase can be connected[39m
2024-06-02 13:27:52:2752 [32minfo[39m: [32mServer is running and listening on port 3000[39m
2024-06-02 13:28:03:283 [32minfo[39m: [32mDatabase can be connected[39m
2024-06-02 14:29:01:291 [32minfo[39m: [32mServer is running and listening on port 3000[39m
2024-06-02 14:29:13:2913 [32minfo[39m: [32mDatabase can be connected[39m
2024-06-02 14:30:13:3013 [34mhttp[39m: [34m::1 DELETE /account/delete/2b914ec4-1cb9-4f23-9365-bba32a289528 404 193 - 10.500 ms[39m
[34m[39m
2024-06-02 14:35:41:3541 [34mhttp[39m: [34m::1 DELETE /account/2b914ec4-1cb9-4f23-9365-bba32a289528 200 93 - 715.822 ms[39m
[34m[39m
2024-06-02 14:35:50:3550 [31merror[39m: [31mClient was passed a null or undefined query[39m
2024-06-02 14:35:50:3550 [34mhttp[39m: [34m::1 DELETE /account/2b914ec4-1cb9-4f23-9365-bba32a289528 500 63 - 95.090 ms[39m
[34m[39m
2024-06-02 14:36:04:364 [31merror[39m: [31mClient was passed a null or undefined query[39m
2024-06-02 14:36:04:364 [34mhttp[39m: [34m::1 DELETE /account/2b914ec4-1cb9-4f23-9365-bba32a289528 500 63 - 237.800 ms[39m
[34m[39m
2024-06-02 14:36:12:3612 [31merror[39m: [31mClient was passed a null or undefined query[39m
2024-06-02 14:36:12:3612 [34mhttp[39m: [34m::1 DELETE /account/2b914ec4-1cb9-4f23-9365-bba32a289528 500 63 - 231.310 ms[39m
[34m[39m
2024-06-02 14:38:22:3822 [32minfo[39m: [32mServer is running and listening on port 3000[39m
2024-06-02 14:38:22:3822 [32minfo[39m: [32mDatabase can be connected[39m
2024-06-02 14:38:26:3826 [31merror[39m: [31mClient was passed a null or undefined query[39m
2024-06-02 14:38:26:3826 [34mhttp[39m: [34m::1 DELETE /account/2b914ec4-1cb9-4f23-9365-bba32a289528 500 63 - 303.613 ms[39m
[34m[39m
2024-06-02 14:41:27:4127 [32minfo[39m: [32mServer is running and listening on port 3000[39m
2024-06-02 14:41:38:4138 [32minfo[39m: [32mDatabase can be connected[39m
2024-06-02 14:41:52:4152 [31merror[39m: [31mClient was passed a null or undefined query[39m
2024-06-02 14:41:52:4152 [34mhttp[39m: [34m::1 DELETE /account/2b914ec4-1cb9-4f23-9365-bba32a289528 500 63 - 586.954 ms[39m
[34m[39m
2024-06-02 15:38:53:3853 [32minfo[39m: [32mServer is running and listening on port 3000[39m
2024-06-02 15:38:54:3854 [32minfo[39m: [32mDatabase can be connected[39m
2024-06-02 15:38:58:3858 [31merror[39m: [31mClient was passed a null or undefined query[39m
2024-06-02 15:38:58:3858 [34mhttp[39m: [34m::1 DELETE /account/2b914ec4-1cb9-4f23-9365-bba32a289528 500 63 - 394.892 ms[39m
[34m[39m
2024-06-02 15:40:09:409 [32minfo[39m: [32mServer is running and listening on port 3000[39m
2024-06-02 15:40:09:409 [32minfo[39m: [32mDatabase can be connected[39m
2024-06-02 15:40:12:4012 [34mhttp[39m: [34m::1 DELETE /account/2b914ec4-1cb9-4f23-9365-bba32a289528 200 56 - 339.255 ms[39m
[34m[39m
2024-06-02 15:40:26:4026 [32minfo[39m: [32mServer is running and listening on port 3000[39m
2024-06-02 15:40:26:4026 [32minfo[39m: [32mDatabase can be connected[39m
2024-06-02 15:40:29:4029 [34mhttp[39m: [34m::1 DELETE /account/2b914ec4-1cb9-4f23-9365-bba32a289528 200 93 - 238.282 ms[39m
[34m[39m
2024-06-02 15:40:40:4040 [32minfo[39m: [32mServer is running and listening on port 3000[39m
2024-06-02 15:40:40:4040 [32minfo[39m: [32mDatabase can be connected[39m
2024-06-02 15:40:43:4043 [34mhttp[39m: [34m::1 DELETE /account/2b914ec4-1cb9-4f23-9365-bba32a289528 200 93 - 196.407 ms[39m
[34m[39m
2024-06-02 15:41:38:4138 [32minfo[39m: [32mServer is running and listening on port 3000[39m
2024-06-02 15:41:38:4138 [32minfo[39m: [32mDatabase can be connected[39m
2024-06-02 15:41:54:4154 [34mhttp[39m: [34m::1 POST /account/register 201 58 - 1385.928 ms[39m
[34m[39m
2024-06-02 15:41:59:4159 [34mhttp[39m: [34m::1 POST /account/register 200 75 - 1.290 ms[39m
[34m[39m
2024-06-02 15:42:27:4227 [34mhttp[39m: [34m::1 DELETE /account/5bcd513f-ef6b-44a2-bea2-fa8c919f60f4 200 56 - 701.897 ms[39m
[34m[39m
2024-06-02 15:42:42:4242 [34mhttp[39m: [34m::1 POST /account/login 200 267 - 541.740 ms[39m
[34m[39m
2024-06-02 15:45:47:4547 [34mhttp[39m: [34m::1 PUT /account/update/2b914ec4-1cb9-4f23-9365-bba32a289528 200 75 - 11302.865 ms[39m
[34m[39m
2024-06-02 15:46:14:4614 [34mhttp[39m: [34m::1 PUT /account/update/1c8b378d-97da-4083-acee-3013b7e9b515 200 270 - 261.022 ms[39m
[34m[39m
2024-06-03 20:18:26:1826 [32minfo[39m: [32mServer is running and listening on port 3000[39m
2024-06-03 20:18:28:1828 [32minfo[39m: [32mDatabase can be connected[39m
2024-06-03 20:19:37:1937 [34mhttp[39m: [34m::1 POST /account/register 201 58 - 1092.421 ms[39m
[34m[39m
2024-06-03 20:19:52:1952 [34mhttp[39m: [34m::1 GET /account/getAllAcount 404 159 - 4.257 ms[39m
[34m[39m
2024-06-03 20:20:09:209 [34mhttp[39m: [34m::1 GET /account/getAllAccount 200 484 - 768.565 ms[39m
[34m[39m
2024-06-03 20:22:06:226 [34mhttp[39m: [34m::1 DELETE /account/80d58365-5f09-49b1-9b9e-77078fd572fd 200 56 - 998.417 ms[39m
[34m[39m
2024-06-03 20:22:43:2243 [34mhttp[39m: [34m::1 GET /account/getAllAccount 200 281 - 740.996 ms[39m
[34m[39m
2024-06-03 20:23:09:239 [34mhttp[39m: [34m::ffff:127.0.0.1 OPTIONS /account/register 200 11 - 1.173 ms[39m
[34m[39m
2024-06-03 20:23:11:2311 [34mhttp[39m: [34m::ffff:127.0.0.1 OPTIONS /account/register 200 11 - 0.715 ms[39m
[34m[39m
2024-06-03 20:24:21:2421 [34mhttp[39m: [34m::ffff:127.0.0.1 OPTIONS /account/register 200 11 - 0.480 ms[39m
[34m[39m
2024-06-03 20:24:22:2422 [34mhttp[39m: [34m::ffff:127.0.0.1 OPTIONS /account/register 200 11 - 0.647 ms[39m
[34m[39m
2024-06-03 20:24:33:2433 [34mhttp[39m: [34m::1 GET /account/getAllAccount 200 281 - 793.887 ms[39m
[34m[39m
2024-06-03 20:25:42:2542 [34mhttp[39m: [34m::ffff:127.0.0.1 OPTIONS /account/register 200 11 - 0.716 ms[39m
[34m[39m
2024-06-03 20:25:46:2546 [34mhttp[39m: [34m::ffff:127.0.0.1 OPTIONS /account/register 200 11 - 0.501 ms[39m
[34m[39m
2024-06-03 20:25:47:2547 [34mhttp[39m: [34m::ffff:127.0.0.1 OPTIONS /account/register 200 11 - 0.428 ms[39m
[34m[39m
2024-06-03 20:25:47:2547 [34mhttp[39m: [34m::ffff:127.0.0.1 OPTIONS /account/register 200 11 - 0.699 ms[39m
[34m[39m
2024-06-03 20:25:47:2547 [34mhttp[39m: [34m::ffff:127.0.0.1 OPTIONS /account/register 200 11 - 0.657 ms[39m
[34m[39m
2024-06-03 20:25:47:2547 [34mhttp[39m: [34m::ffff:127.0.0.1 OPTIONS /account/register 200 11 - 0.504 ms[39m
[34m[39m
2024-06-03 20:25:47:2547 [34mhttp[39m: [34m::ffff:127.0.0.1 OPTIONS /account/register 200 11 - 0.402 ms[39m
[34m[39m
2024-06-03 20:25:48:2548 [34mhttp[39m: [34m::ffff:127.0.0.1 OPTIONS /account/register 200 11 - 0.430 ms[39m
[34m[39m
2024-06-03 20:25:48:2548 [34mhttp[39m: [34m::ffff:127.0.0.1 OPTIONS /account/register 200 11 - 0.475 ms[39m
[34m[39m
2024-06-03 20:26:20:2620 [34mhttp[39m: [34m::ffff:127.0.0.1 OPTIONS /account/login 200 11 - 0.490 ms[39m
[34m[39m
2024-06-03 20:28:57:2857 [34mhttp[39m: [34m::ffff:127.0.0.1 OPTIONS /account/register 200 11 - 0.686 ms[39m
[34m[39m
2024-06-03 20:29:26:2926 [34mhttp[39m: [34m::ffff:127.0.0.1 OPTIONS /account/register 200 11 - 0.442 ms[39m
[34m[39m
2024-06-03 20:30:10:3010 [32minfo[39m: [32mServer is running and listening on port 3000[39m
2024-06-03 20:30:11:3011 [32minfo[39m: [32mServer is running and listening on port 3000[39m
2024-06-03 20:30:12:3012 [32minfo[39m: [32mDatabase can be connected[39m
2024-06-03 20:30:13:3013 [32minfo[39m: [32mServer is running and listening on port 3000[39m
2024-06-03 20:30:14:3014 [32minfo[39m: [32mDatabase can be connected[39m
2024-06-03 20:31:59:3159 [32minfo[39m: [32mServer is running and listening on port 3000[39m
2024-06-03 20:32:00:320 [32minfo[39m: [32mDatabase can be connected[39m
2024-06-03 20:32:01:321 [32minfo[39m: [32mServer is running and listening on port 3000[39m
2024-06-03 20:32:02:322 [32minfo[39m: [32mDatabase can be connected[39m
2024-06-03 20:32:20:3220 [34mhttp[39m: [34m::ffff:127.0.0.1 OPTIONS /account/register 204 0 - 4.253 ms[39m
[34m[39m
2024-06-03 20:32:21:3221 [34mhttp[39m: [34m::ffff:127.0.0.1 POST /account/register 201 58 - 1039.031 ms[39m
[34m[39m
2024-06-03 20:32:25:3225 [34mhttp[39m: [34m::1 GET /account/getAllAccount 200 484 - 84.736 ms[39m
[34m[39m
2024-06-03 20:32:33:3233 [34mhttp[39m: [34m::ffff:127.0.0.1 OPTIONS /account/login 204 0 - 1.034 ms[39m
[34m[39m
2024-06-03 20:32:34:3234 [34mhttp[39m: [34m::ffff:127.0.0.1 POST /account/login 200 253 - 104.896 ms[39m
[34m[39m
2024-06-03 20:32:49:3249 [34mhttp[39m: [34m::1 POST /account/login 200 253 - 839.103 ms[39m
[34m[39m
2024-06-03 21:36:58:3658 [34mhttp[39m: [34m::ffff:127.0.0.1 OPTIONS /account/login 204 0 - 3.450 ms[39m
[34m[39m
2024-06-03 21:36:59:3659 [34mhttp[39m: [34m::ffff:127.0.0.1 POST /account/login 200 80 - 1216.408 ms[39m
[34m[39m
2024-06-03 21:36:59:3659 [34mhttp[39m: [34m::ffff:127.0.0.1 POST /account/login 200 80 - 807.973 ms[39m
[34m[39m
2024-06-03 21:37:03:373 [34mhttp[39m: [34m::ffff:127.0.0.1 POST /account/login 200 80 - 125.592 ms[39m
[34m[39m
2024-06-03 21:37:05:375 [34mhttp[39m: [34m::ffff:127.0.0.1 OPTIONS /account/login 204 0 - 0.278 ms[39m
[34m[39m
2024-06-03 21:37:05:375 [34mhttp[39m: [34m::ffff:127.0.0.1 POST /account/login 200 80 - 107.843 ms[39m
[34m[39m
2024-06-03 21:37:07:377 [34mhttp[39m: [34m::ffff:127.0.0.1 POST /account/login 200 80 - 75.473 ms[39m
[34m[39m
2024-06-03 21:37:23:3723 [34mhttp[39m: [34m::ffff:127.0.0.1 OPTIONS /account/register 204 0 - 0.318 ms[39m
[34m[39m
2024-06-03 21:37:23:3723 [34mhttp[39m: [34m::ffff:127.0.0.1 POST /account/register 200 75 - 1.491 ms[39m
[34m[39m
2024-06-03 21:37:25:3725 [34mhttp[39m: [34m::ffff:127.0.0.1 POST /account/register 200 75 - 1.081 ms[39m
[34m[39m
2024-06-03 21:40:37:4037 [34mhttp[39m: [34m::ffff:127.0.0.1 OPTIONS /account/login 204 0 - 0.430 ms[39m
[34m[39m
2024-06-03 21:40:37:4037 [34mhttp[39m: [34m::ffff:127.0.0.1 POST /account/login 200 80 - 608.253 ms[39m
[34m[39m
2024-06-03 21:40:38:4038 [34mhttp[39m: [34m::ffff:127.0.0.1 POST /account/login 200 80 - 103.368 ms[39m
[34m[39m
2024-06-03 21:40:38:4038 [34mhttp[39m: [34m::ffff:127.0.0.1 POST /account/login 200 80 - 125.701 ms[39m
[34m[39m
2024-06-03 21:40:39:4039 [34mhttp[39m: [34m::ffff:127.0.0.1 POST /account/login 200 80 - 97.664 ms[39m
[34m[39m
2024-06-03 21:40:40:4040 [34mhttp[39m: [34m::ffff:127.0.0.1 POST /account/login 200 80 - 147.961 ms[39m
[34m[39m
2024-06-03 21:41:26:4126 [34mhttp[39m: [34m::ffff:127.0.0.1 OPTIONS /account/login 204 0 - 0.298 ms[39m
[34m[39m
2024-06-03 21:41:27:4127 [34mhttp[39m: [34m::ffff:127.0.0.1 POST /account/login 200 80 - 653.793 ms[39m
[34m[39m
2024-06-03 21:41:37:4137 [34mhttp[39m: [34m::ffff:127.0.0.1 OPTIONS /account/login 204 0 - 0.252 ms[39m
[34m[39m
2024-06-03 21:41:37:4137 [34mhttp[39m: [34m::ffff:127.0.0.1 POST /account/login 200 80 - 124.120 ms[39m
[34m[39m
2024-06-03 21:41:37:4137 [34mhttp[39m: [34m::ffff:127.0.0.1 POST /account/login 200 80 - 119.664 ms[39m
[34m[39m
2024-06-03 21:41:38:4138 [34mhttp[39m: [34m::ffff:127.0.0.1 POST /account/login 200 80 - 102.773 ms[39m
[34m[39m
2024-06-03 21:42:32:4232 [34mhttp[39m: [34m::ffff:127.0.0.1 OPTIONS /account/register 204 0 - 0.289 ms[39m
[34m[39m
2024-06-03 21:42:32:4232 [34mhttp[39m: [34m::ffff:127.0.0.1 POST /account/register 200 75 - 1.164 ms[39m
[34m[39m
2024-06-03 21:42:37:4237 [34mhttp[39m: [34m::ffff:127.0.0.1 OPTIONS /account/login 204 0 - 0.401 ms[39m
[34m[39m
2024-06-03 21:42:38:4238 [34mhttp[39m: [34m::ffff:127.0.0.1 POST /account/login 200 80 - 829.353 ms[39m
[34m[39m
2024-06-03 21:42:38:4238 [34mhttp[39m: [34m::ffff:127.0.0.1 POST /account/login 200 80 - 646.226 ms[39m
[34m[39m
2024-06-03 21:42:48:4248 [34mhttp[39m: [34m::ffff:127.0.0.1 OPTIONS /account/register 204 0 - 0.427 ms[39m
[34m[39m
2024-06-03 21:42:48:4248 [34mhttp[39m: [34m::ffff:127.0.0.1 POST /account/register 200 75 - 0.975 ms[39m
[34m[39m
2024-06-03 22:34:21:3421 [34mhttp[39m: [34m::ffff:127.0.0.1 OPTIONS /account/login 204 0 - 1.936 ms[39m
[34m[39m
2024-06-03 22:34:22:3422 [34mhttp[39m: [34m::ffff:127.0.0.1 POST /account/login 200 253 - 950.273 ms[39m
[34m[39m
2024-06-03 23:12:35:1235 [34mhttp[39m: [34m::ffff:127.0.0.1 OPTIONS /account/register 204 0 - 2.905 ms[39m
[34m[39m
2024-06-03 23:12:35:1235 [34mhttp[39m: [34m::ffff:127.0.0.1 POST /account/register 200 75 - 5.365 ms[39m
[34m[39m
2024-06-03 23:12:40:1240 [34mhttp[39m: [34m::ffff:127.0.0.1 OPTIONS /account/login 204 0 - 0.392 ms[39m
[34m[39m
2024-06-03 23:12:41:1241 [34mhttp[39m: [34m::ffff:127.0.0.1 POST /account/login 200 80 - 983.543 ms[39m
[34m[39m
2024-06-03 23:12:41:1241 [34mhttp[39m: [34m::ffff:127.0.0.1 POST /account/login 200 80 - 62.804 ms[39m
[34m[39m
2024-06-03 23:12:41:1241 [34mhttp[39m: [34m::ffff:127.0.0.1 POST /account/login 200 80 - 65.733 ms[39m
[34m[39m
2024-06-04 01:11:53:1153 [32minfo[39m: [32mServer is running and listening on port 3000[39m
2024-06-04 01:11:53:1153 [32minfo[39m: [32mDatabase can be connected[39m
2024-06-04 01:11:55:1155 [34mhttp[39m: [34m::1 OPTIONS /account/login 204 0 - 1.688 ms[39m
[34m[39m
2024-06-04 01:11:56:1156 [34mhttp[39m: [34m::1 POST /account/login 200 257 - 415.907 ms[39m
[34m[39m
2024-06-04 01:12:22:1222 [34mhttp[39m: [34m::1 OPTIONS /account/login 204 0 - 0.338 ms[39m
[34m[39m
2024-06-04 01:12:23:1223 [34mhttp[39m: [34m::1 POST /account/login 200 257 - 387.616 ms[39m
[34m[39m
2024-06-04 01:12:23:1223 [34mhttp[39m: [34m::1 GET /team/undefined 404 153 - 1.579 ms[39m
[34m[39m
2024-06-04 01:12:23:1223 [34mhttp[39m: [34m::1 GET /team/undefined 404 153 - 0.896 ms[39m
[34m[39m
2024-06-04 01:15:34:1534 [34mhttp[39m: [34m::1 GET /team/undefined 404 153 - 0.268 ms[39m
[34m[39m
2024-06-04 01:15:34:1534 [34mhttp[39m: [34m::1 GET /team/undefined 404 153 - 0.280 ms[39m
[34m[39m
2024-06-04 01:15:38:1538 [34mhttp[39m: [34m::1 GET /team/undefined 404 153 - 0.555 ms[39m
[34m[39m
2024-06-04 01:15:38:1538 [34mhttp[39m: [34m::1 GET /team/undefined 404 153 - 0.432 ms[39m
[34m[39m
2024-06-04 01:15:48:1548 [34mhttp[39m: [34m::1 OPTIONS /account/login 204 0 - 0.156 ms[39m
[34m[39m
2024-06-04 01:15:48:1548 [34mhttp[39m: [34m::1 POST /account/login 200 257 - 504.505 ms[39m
[34m[39m
2024-06-04 01:15:48:1548 [34mhttp[39m: [34m::1 GET /team/undefined 404 153 - 0.846 ms[39m
[34m[39m
2024-06-04 01:15:48:1548 [34mhttp[39m: [34m::1 GET /team/undefined 404 153 - 0.427 ms[39m
[34m[39m
2024-06-04 01:16:55:1655 [34mhttp[39m: [34m::1 GET /team/undefined 404 153 - 0.253 ms[39m
[34m[39m
2024-06-04 01:16:55:1655 [34mhttp[39m: [34m::1 GET /team/undefined 404 153 - 0.240 ms[39m
[34m[39m
2024-06-04 01:17:01:171 [34mhttp[39m: [34m::1 GET /team/undefined 404 153 - 0.330 ms[39m
[34m[39m
2024-06-04 01:17:01:171 [34mhttp[39m: [34m::1 GET /team/undefined 404 153 - 0.273 ms[39m
[34m[39m
2024-06-04 01:17:45:1745 [34mhttp[39m: [34m::1 GET /team/undefined 404 153 - 0.421 ms[39m
[34m[39m
2024-06-04 01:17:47:1747 [34mhttp[39m: [34m::1 GET /team/undefined 404 153 - 0.432 ms[39m
[34m[39m
2024-06-04 01:17:47:1747 [34mhttp[39m: [34m::1 GET /team/undefined 404 153 - 0.956 ms[39m
[34m[39m
2024-06-04 01:17:51:1751 [34mhttp[39m: [34m::1 GET /team/undefined 404 153 - 0.394 ms[39m
[34m[39m
2024-06-04 01:17:51:1751 [34mhttp[39m: [34m::1 GET /team/undefined 404 153 - 0.368 ms[39m
[34m[39m
2024-06-04 01:18:54:1854 [34mhttp[39m: [34m::1 GET /team/undefined 404 153 - 0.194 ms[39m
[34m[39m
2024-06-04 01:18:56:1856 [34mhttp[39m: [34m::1 GET /team/undefined 404 153 - 0.239 ms[39m
[34m[39m
2024-06-04 01:18:56:1856 [34mhttp[39m: [34m::1 GET /team/undefined 404 153 - 0.225 ms[39m
[34m[39m
2024-06-04 01:19:08:198 [34mhttp[39m: [34m::1 GET /team/undefined 404 153 - 0.245 ms[39m
[34m[39m
2024-06-04 01:19:08:198 [34mhttp[39m: [34m::1 GET /team/undefined 404 153 - 0.222 ms[39m
[34m[39m
2024-06-04 01:20:01:201 [34mhttp[39m: [34m::1 GET /team/undefined 404 153 - 0.277 ms[39m
[34m[39m
2024-06-04 01:20:03:203 [34mhttp[39m: [34m::1 GET /team/undefined 404 153 - 0.371 ms[39m
[34m[39m
2024-06-04 01:20:03:203 [34mhttp[39m: [34m::1 GET /team/undefined 404 153 - 1.194 ms[39m
[34m[39m
2024-06-04 01:20:23:2023 [34mhttp[39m: [34m::1 GET /team/undefined 404 153 - 0.184 ms[39m
[34m[39m
2024-06-04 01:21:37:2137 [34mhttp[39m: [34m::1 GET /team/undefined 404 153 - 0.262 ms[39m
[34m[39m
2024-06-04 01:21:37:2137 [34mhttp[39m: [34m::1 GET /team/undefined 404 153 - 0.696 ms[39m
[34m[39m
2024-06-04 01:21:40:2140 [34mhttp[39m: [34m::1 GET /team/undefined 404 153 - 0.283 ms[39m
[34m[39m
2024-06-04 01:21:40:2140 [34mhttp[39m: [34m::1 GET /team/undefined 404 153 - 1.229 ms[39m
[34m[39m
2024-06-04 01:21:40:2140 [34mhttp[39m: [34m::1 GET /team/undefined 404 153 - 0.260 ms[39m
[34m[39m
2024-06-04 01:21:40:2140 [34mhttp[39m: [34m::1 GET /team/undefined 404 153 - 0.398 ms[39m
[34m[39m
2024-06-04 01:21:41:2141 [34mhttp[39m: [34m::1 GET /team/undefined 404 153 - 0.485 ms[39m
[34m[39m
2024-06-04 01:21:41:2141 [34mhttp[39m: [34m::1 GET /team/undefined 404 153 - 0.195 ms[39m
[34m[39m
2024-06-04 01:21:41:2141 [34mhttp[39m: [34m::1 GET /team/undefined 404 153 - 0.238 ms[39m
[34m[39m
2024-06-04 01:21:41:2141 [34mhttp[39m: [34m::1 GET /team/undefined 404 153 - 0.546 ms[39m
[34m[39m
2024-06-04 01:21:53:2153 [34mhttp[39m: [34m::1 OPTIONS /account/login 204 0 - 0.142 ms[39m
[34m[39m
2024-06-04 01:21:54:2154 [34mhttp[39m: [34m::1 POST /account/login 200 257 - 827.969 ms[39m
[34m[39m
2024-06-04 01:21:54:2154 [34mhttp[39m: [34m::1 GET /team/undefined 404 153 - 1.553 ms[39m
[34m[39m
2024-06-04 01:21:54:2154 [34mhttp[39m: [34m::1 GET /team/undefined 404 153 - 0.513 ms[39m
[34m[39m
2024-06-04 01:22:37:2237 [34mhttp[39m: [34m::1 GET /team/undefined 404 153 - 0.260 ms[39m
[34m[39m
2024-06-04 01:22:42:2242 [34mhttp[39m: [34m::1 GET /team/undefined 404 153 - 0.224 ms[39m
[34m[39m
2024-06-04 01:22:42:2242 [34mhttp[39m: [34m::1 GET /team/undefined 404 153 - 0.198 ms[39m
[34m[39m
2024-06-04 01:23:33:2333 [34mhttp[39m: [34m::1 GET /team/undefined 404 153 - 0.271 ms[39m
[34m[39m
2024-06-04 01:23:33:2333 [34mhttp[39m: [34m::1 GET /team/undefined 404 153 - 0.434 ms[39m
[34m[39m
2024-06-04 01:29:25:2925 [34mhttp[39m: [34m::1 GET /team/undefined 404 153 - 0.343 ms[39m
[34m[39m
2024-06-04 01:29:28:2928 [34mhttp[39m: [34m::1 GET /team/undefined 404 153 - 0.260 ms[39m
[34m[39m
2024-06-04 01:29:28:2928 [34mhttp[39m: [34m::1 GET /team/undefined 404 153 - 0.191 ms[39m
[34m[39m
2024-06-04 01:29:32:2932 [34mhttp[39m: [34m::1 GET /team/undefined 404 153 - 0.177 ms[39m
[34m[39m
2024-06-04 01:30:39:3039 [34mhttp[39m: [34m::1 GET /team/undefined 404 153 - 0.205 ms[39m
[34m[39m
2024-06-04 01:30:39:3039 [34mhttp[39m: [34m::1 GET /team/undefined 404 153 - 0.165 ms[39m
[34m[39m
2024-06-04 01:31:41:3141 [34mhttp[39m: [34m::1 GET /team/undefined 404 153 - 0.169 ms[39m
[34m[39m
2024-06-04 01:31:45:3145 [34mhttp[39m: [34m::1 GET /team/undefined 404 153 - 0.333 ms[39m
[34m[39m
2024-06-04 01:31:45:3145 [34mhttp[39m: [34m::1 GET /team/undefined 404 153 - 0.934 ms[39m
[34m[39m
2024-06-04 01:31:48:3148 [34mhttp[39m: [34m::1 GET /team/undefined 404 153 - 0.639 ms[39m
[34m[39m
2024-06-04 01:31:48:3148 [34mhttp[39m: [34m::1 GET /team/undefined 404 153 - 0.403 ms[39m
[34m[39m
2024-06-04 01:32:14:3214 [34mhttp[39m: [34m::1 GET /team/undefined 404 153 - 0.265 ms[39m
[34m[39m
2024-06-04 01:32:14:3214 [34mhttp[39m: [34m::1 GET /team/undefined 404 153 - 0.269 ms[39m
[34m[39m
2024-06-04 01:32:19:3219 [34mhttp[39m: [34m::1 GET /team/undefined 404 153 - 0.319 ms[39m
[34m[39m
2024-06-04 01:32:19:3219 [34mhttp[39m: [34m::1 GET /team/undefined 404 153 - 0.553 ms[39m
[34m[39m
2024-06-04 01:32:23:3223 [34mhttp[39m: [34m::1 GET /team/undefined 404 153 - 0.374 ms[39m
[34m[39m
2024-06-04 01:32:23:3223 [34mhttp[39m: [34m::1 GET /team/undefined 404 153 - 0.246 ms[39m
[34m[39m
2024-06-04 01:32:48:3248 [34mhttp[39m: [34m::1 GET /team/undefined 404 153 - 0.223 ms[39m
[34m[39m
2024-06-04 01:32:48:3248 [34mhttp[39m: [34m::1 GET /team/undefined 404 153 - 0.157 ms[39m
[34m[39m
2024-06-04 01:34:56:3456 [34mhttp[39m: [34m::1 GET /team/undefined 404 153 - 0.204 ms[39m
[34m[39m
2024-06-04 01:34:56:3456 [34mhttp[39m: [34m::1 GET /team/undefined 404 153 - 0.149 ms[39m
[34m[39m
2024-06-04 01:35:14:3514 [34mhttp[39m: [34m::1 GET /team/undefined 404 153 - 0.254 ms[39m
[34m[39m
2024-06-04 01:35:14:3514 [34mhttp[39m: [34m::1 GET /team/undefined 404 153 - 0.206 ms[39m
[34m[39m
2024-06-04 01:36:36:3636 [34mhttp[39m: [34m::1 GET /team/undefined 404 153 - 0.207 ms[39m
[34m[39m
2024-06-04 01:36:36:3636 [34mhttp[39m: [34m::1 GET /team/undefined 404 153 - 0.157 ms[39m
[34m[39m
2024-06-04 09:24:42:2442 [32minfo[39m: [32mServer is running and listening on port 3000[39m
2024-06-04 09:24:44:2444 [32minfo[39m: [32mDatabase can be connected[39m
2024-06-04 09:24:58:2458 [34mhttp[39m: [34m::ffff:127.0.0.1 OPTIONS /account/login 204 0 - 3.265 ms[39m
[34m[39m
2024-06-04 09:24:59:2459 [34mhttp[39m: [34m::ffff:127.0.0.1 POST /account/login 200 253 - 1133.350 ms[39m
[34m[39m
2024-06-04 09:24:59:2459 [34mhttp[39m: [34m::ffff:127.0.0.1 GET /team/undefined 404 153 - 6.544 ms[39m
[34m[39m
2024-06-04 09:24:59:2459 [34mhttp[39m: [34m::ffff:127.0.0.1 GET /team/undefined 404 153 - 1.436 ms[39m
[34m[39m
2024-06-04 09:25:06:256 [34mhttp[39m: [34m::ffff:127.0.0.1 GET /team/undefined 404 153 - 1.262 ms[39m
[34m[39m
2024-06-04 09:25:06:256 [34mhttp[39m: [34m::ffff:127.0.0.1 GET /team/undefined 404 153 - 0.862 ms[39m
[34m[39m
2024-06-04 09:25:37:2537 [34mhttp[39m: [34m::ffff:127.0.0.1 GET /team/undefined 404 153 - 1.078 ms[39m
[34m[39m
2024-06-04 09:25:37:2537 [34mhttp[39m: [34m::ffff:127.0.0.1 GET /team/undefined 404 153 - 1.373 ms[39m
[34m[39m
2024-06-04 09:42:37:4237 [34mhttp[39m: [34m::ffff:127.0.0.1 OPTIONS /team/create 204 0 - 0.416 ms[39m
[34m[39m
2024-06-04 09:42:37:4237 [34mhttp[39m: [34m::ffff:127.0.0.1 POST /team/create 404 151 - 1.444 ms[39m
[34m[39m
2024-06-04 09:42:38:4238 [34mhttp[39m: [34m::ffff:127.0.0.1 POST /team/create 404 151 - 1.408 ms[39m
[34m[39m
2024-06-04 09:42:38:4238 [34mhttp[39m: [34m::ffff:127.0.0.1 POST /team/create 404 151 - 1.497 ms[39m
[34m[39m
2024-06-04 09:42:40:4240 [34mhttp[39m: [34m::ffff:127.0.0.1 GET /team/undefined 404 153 - 1.256 ms[39m
[34m[39m
2024-06-04 09:42:40:4240 [34mhttp[39m: [34m::ffff:127.0.0.1 GET /team/undefined 404 153 - 1.333 ms[39m
[34m[39m
2024-06-04 09:42:42:4242 [34mhttp[39m: [34m::ffff:127.0.0.1 GET /team/undefined 404 153 - 0.753 ms[39m
[34m[39m
2024-06-04 09:42:42:4242 [34mhttp[39m: [34m::ffff:127.0.0.1 GET /team/undefined 404 153 - 0.732 ms[39m
[34m[39m
2024-06-04 22:05:23:523 [32minfo[39m: [32mServer is running and listening on port 3000[39m
2024-06-04 22:05:24:524 [32minfo[39m: [32mDatabase can be connected[39m
2024-06-04 22:07:01:71 [34mhttp[39m: [34m::ffff:127.0.0.1 OPTIONS /account/login 204 0 - 3.973 ms[39m
[34m[39m
2024-06-04 22:07:02:72 [34mhttp[39m: [34m::ffff:127.0.0.1 POST /account/login 200 80 - 469.484 ms[39m
[34m[39m
2024-06-04 22:07:02:72 [34mhttp[39m: [34m::ffff:127.0.0.1 POST /account/login 200 80 - 1150.121 ms[39m
[34m[39m
2024-06-04 22:07:04:74 [34mhttp[39m: [34m::ffff:127.0.0.1 OPTIONS /account/register 204 0 - 0.654 ms[39m
[34m[39m
2024-06-04 22:07:04:74 [34mhttp[39m: [34m::ffff:127.0.0.1 POST /account/register 200 75 - 1.500 ms[39m
[34m[39m
2024-06-05 10:42:11:4211 [32minfo[39m: [32mServer is running and listening on port 3000[39m
2024-06-05 10:42:12:4212 [32minfo[39m: [32mDatabase can be connected[39m
2024-06-05 11:00:50:050 [34mhttp[39m: [34m::ffff:127.0.0.1 OPTIONS /account/login 204 0 - 2.986 ms[39m
[34m[39m
2024-06-05 11:00:51:051 [34mhttp[39m: [34m::ffff:127.0.0.1 POST /account/login 200 80 - 1144.659 ms[39m
[34m[39m
2024-06-05 11:15:35:1535 [34mhttp[39m: [34m::ffff:127.0.0.1 GET /team/undefined 404 153 - 3.432 ms[39m
[34m[39m
2024-06-05 11:15:35:1535 [34mhttp[39m: [34m::ffff:127.0.0.1 GET /team/undefined 404 153 - 1.426 ms[39m
[34m[39m
2024-06-05 11:15:56:1556 [34mhttp[39m: [34m::ffff:127.0.0.1 GET /team/undefined 404 153 - 0.894 ms[39m
[34m[39m
2024-06-05 11:15:56:1556 [34mhttp[39m: [34m::ffff:127.0.0.1 GET /team/undefined 404 153 - 0.945 ms[39m
[34m[39m
2024-06-06 15:23:02:232 [32minfo[39m: [32mServer is running and listening on port 3000[39m
2024-06-06 15:23:03:233 [32minfo[39m: [32mDatabase can be connected[39m
2024-06-06 15:24:29:2429 [34mhttp[39m: [34m::1 OPTIONS /account/register 204 0 - 2.433 ms[39m
[34m[39m
2024-06-06 15:24:29:2429 [34mhttp[39m: [34m::1 POST /account/register 201 58 - 413.151 ms[39m
[34m[39m
2024-06-06 15:24:42:2442 [34mhttp[39m: [34m::1 OPTIONS /account/login 204 0 - 0.257 ms[39m
[34m[39m
2024-06-06 15:24:42:2442 [34mhttp[39m: [34m::1 POST /account/login 200 260 - 519.394 ms[39m
[34m[39m
2024-06-06 15:26:12:2612 [34mhttp[39m: [34m::1 OPTIONS /account/login 204 0 - 0.164 ms[39m
[34m[39m
2024-06-06 15:26:13:2613 [34mhttp[39m: [34m::1 POST /account/login 200 80 - 513.570 ms[39m
[34m[39m
2024-06-06 15:26:13:2613 [34mhttp[39m: [34m::1 GET /team/undefined 404 153 - 1.735 ms[39m
[34m[39m
2024-06-06 15:26:13:2613 [34mhttp[39m: [34m::1 GET /team/undefined 404 153 - 2.116 ms[39m
[34m[39m
2024-06-06 15:26:55:2655 [34mhttp[39m: [34m::1 GET /team/undefined 404 153 - 2.153 ms[39m
[34m[39m
2024-06-06 15:26:55:2655 [34mhttp[39m: [34m::1 GET /team/undefined 404 153 - 0.871 ms[39m
[34m[39m
2024-06-06 22:40:59:4059 [32minfo[39m: [32mServer is running and listening on port 3000[39m
2024-06-06 22:40:59:4059 [32minfo[39m: [32mDatabase can be connected[39m
2024-06-06 22:41:22:4122 [34mhttp[39m: [34m::1 OPTIONS /account/login 204 0 - 1.571 ms[39m
[34m[39m
2024-06-06 22:41:22:4122 [34mhttp[39m: [34m::1 POST /account/login 200 260 - 239.930 ms[39m
[34m[39m
2024-06-06 22:41:22:4122 [34mhttp[39m: [34m::1 GET /team/undefined 404 153 - 1.305 ms[39m
[34m[39m
2024-06-06 22:41:22:4122 [34mhttp[39m: [34m::1 GET /team/undefined 404 153 - 1.877 ms[39m
[34m[39m
2024-06-06 22:45:51:4551 [34mhttp[39m: [34m::1 GET /team/undefined 404 153 - 0.958 ms[39m
[34m[39m
2024-06-06 22:45:51:4551 [34mhttp[39m: [34m::1 GET /team/undefined 404 153 - 0.376 ms[39m
[34m[39m
2024-06-06 22:46:08:468 [34mhttp[39m: [34m::1 GET /team/undefined 404 153 - 0.265 ms[39m
[34m[39m
2024-06-06 22:46:08:468 [34mhttp[39m: [34m::1 GET /team/undefined 404 153 - 0.311 ms[39m
[34m[39m
2024-06-06 22:46:12:4612 [34mhttp[39m: [34m::1 GET /team/undefined 404 153 - 0.333 ms[39m
[34m[39m
2024-06-06 22:46:12:4612 [34mhttp[39m: [34m::1 GET /team/undefined 404 153 - 0.696 ms[39m
[34m[39m
2024-06-06 22:46:24:4624 [34mhttp[39m: [34m::1 GET /team/undefined 404 153 - 0.282 ms[39m
[34m[39m
2024-06-06 22:56:05:565 [34mhttp[39m: [34m::1 GET /team/undefined 404 153 - 0.391 ms[39m
[34m[39m
2024-06-06 22:56:10:5610 [34mhttp[39m: [34m::1 GET /team/undefined 404 153 - 0.390 ms[39m
[34m[39m
2024-06-06 22:56:50:5650 [34mhttp[39m: [34m::1 GET /team/undefined 404 153 - 0.457 ms[39m
[34m[39m
2024-06-06 22:56:50:5650 [34mhttp[39m: [34m::1 GET /team/undefined 404 153 - 0.215 ms[39m
[34m[39m
2024-06-06 23:00:22:022 [34mhttp[39m: [34m::1 GET /team/undefined 404 153 - 0.535 ms[39m
[34m[39m
2024-06-06 23:01:44:144 [34mhttp[39m: [34m::1 GET /team/undefined 404 153 - 0.390 ms[39m
[34m[39m
2024-06-06 23:01:45:145 [34mhttp[39m: [34m::1 GET /team/undefined 404 153 - 0.347 ms[39m
[34m[39m
2024-06-06 23:03:35:335 [34mhttp[39m: [34m::1 GET /team/undefined 404 153 - 0.225 ms[39m
[34m[39m
2024-06-06 23:03:40:340 [34mhttp[39m: [34m::1 GET /team/undefined 404 153 - 0.274 ms[39m
[34m[39m
2024-06-06 23:03:40:340 [34mhttp[39m: [34m::1 GET /team/undefined 404 153 - 0.170 ms[39m
[34m[39m
2024-06-06 23:04:00:40 [34mhttp[39m: [34m::1 GET /team/undefined 404 153 - 0.344 ms[39m
[34m[39m
2024-06-06 23:04:15:415 [34mhttp[39m: [34m::1 GET /team/undefined 404 153 - 0.467 ms[39m
[34m[39m
2024-06-06 23:04:19:419 [34mhttp[39m: [34m::1 GET /team/undefined 404 153 - 0.281 ms[39m
[34m[39m
2024-06-06 23:04:21:421 [34mhttp[39m: [34m::1 GET /team/undefined 404 153 - 0.244 ms[39m
[34m[39m
2024-06-06 23:04:24:424 [34mhttp[39m: [34m::1 GET /team/undefined 404 153 - 0.295 ms[39m
[34m[39m
2024-06-06 23:06:51:651 [34mhttp[39m: [34m::1 GET /team/undefined 404 153 - 0.267 ms[39m
[34m[39m
2024-06-06 23:06:53:653 [34mhttp[39m: [34m::1 GET /team/undefined 404 153 - 0.430 ms[39m
[34m[39m
2024-06-06 23:09:00:90 [34mhttp[39m: [34m::1 GET /team/undefined 404 153 - 0.365 ms[39m
[34m[39m
2024-06-09 19:02:42:242 [32minfo[39m: [32mServer is running and listening on port 3000[39m
2024-06-09 19:02:42:242 [32minfo[39m: [32mDatabase can be connected[39m
2024-06-09 19:03:05:35 [32minfo[39m: [32mServer is running and listening on port 3000[39m
2024-06-09 19:03:06:36 [32minfo[39m: [32mDatabase can be connected[39m
2024-06-09 19:05:03:53 [34mhttp[39m: [34m::1 OPTIONS /account/login 204 0 - 2.789 ms[39m
[34m[39m
2024-06-09 19:05:03:53 [34mhttp[39m: [34m::1 POST /account/login 200 269 - 406.726 ms[39m
[34m[39m
2024-06-09 19:05:03:53 [31merror[39m: [31minvalid input syntax for type uuid: "undefined"[39m
2024-06-09 19:05:03:53 [34mhttp[39m: [34m::1 GET /team/undefined 500 63 - 70.719 ms[39m
[34m[39m
2024-06-09 19:05:03:53 [31merror[39m: [31minvalid input syntax for type uuid: "undefined"[39m
2024-06-09 19:05:03:53 [34mhttp[39m: [34m::1 GET /team/undefined 500 63 - 186.873 ms[39m
[34m[39m
2024-06-09 21:34:06:346 [32minfo[39m: [32mServer is running and listening on port 3000[39m
2024-06-09 21:34:17:3417 [32minfo[39m: [32mDatabase can be connected[39m
