2024-06-02 14:35:50:3550 [31merror[39m: [31mClient was passed a null or undefined query[39m
2024-06-02 14:36:04:364 [31merror[39m: [31mClient was passed a null or undefined query[39m
2024-06-02 14:36:12:3612 [31merror[39m: [31mClient was passed a null or undefined query[39m
2024-06-02 14:38:26:3826 [31merror[39m: [31mClient was passed a null or undefined query[39m
2024-06-02 14:41:52:4152 [31merror[39m: [31mClient was passed a null or undefined query[39m
2024-06-02 15:38:58:3858 [31merror[39m: [31mClient was passed a null or undefined query[39m
2024-06-08 14:47:51:4751 [31merror[39m: [31minvalid input syntax for type uuid: "6ff5228e-7680-46f6-9c4a-c3efc82483b"[39m
2024-06-08 14:54:15:5415 [31merror[39m: [31mnull value in column "team_id" of relation "note" violates not-null constraint[39m
2024-06-08 14:56:31:5631 [31merror[39m: [31mnull value in column "reminded_at" of relation "reminder" violates not-null constraint[39m
2024-06-09 11:23:16:2316 [31merror[39m: [31minvalid input syntax for type uuid: "undefined"[39m
2024-06-09 11:23:16:2316 [31merror[39m: [31minvalid input syntax for type uuid: "undefined"[39m
2024-06-09 11:23:19:2319 [31merror[39m: [31minvalid input syntax for type uuid: "undefined"[39m
2024-06-09 11:23:19:2319 [31merror[39m: [31minvalid input syntax for type uuid: "undefined"[39m
2024-06-09 11:46:42:4642 [31merror[39m: [31minvalid input syntax for type uuid: "undefined"[39m
2024-06-09 11:46:42:4642 [31merror[39m: [31minvalid input syntax for type uuid: "undefined"[39m
2024-06-09 11:46:52:4652 [31merror[39m: [31minvalid input syntax for type uuid: "undefined"[39m
2024-06-09 11:46:52:4652 [31merror[39m: [31minvalid input syntax for type uuid: "undefined"[39m
2024-06-09 12:18:46:1846 [31merror[39m: [31msecretOrPrivateKey must have a value[39m
2024-06-09 12:18:58:1858 [31merror[39m: [31msecretOrPrivateKey must have a value[39m
2024-06-09 12:19:27:1927 [31merror[39m: [31msecretOrPrivateKey must have a value[39m
2024-06-09 14:57:44:5744 [31merror[39m: [31minvalid input syntax for type uuid: "ge"[39m
2024-06-09 14:57:45:5745 [31merror[39m: [31minvalid input syntax for type uuid: "get"[39m
2024-06-09 14:58:05:585 [31merror[39m: [31minvalid input syntax for type uuid: """"[39m
2024-06-09 14:58:06:586 [31merror[39m: [31minvalid input syntax for type uuid: "get"[39m
2024-06-09 14:58:09:589 [31merror[39m: [31minvalid input syntax for type uuid: ":teamId"[39m
2024-06-09 14:58:54:5854 [31merror[39m: [31minvalid input syntax for type uuid: ":teamId"[39m
2024-06-09 14:59:06:596 [31merror[39m: [31minvalid input syntax for type uuid: ":teamId"[39m
2024-06-09 14:59:20:5920 [31merror[39m: [31minvalid input syntax for type uuid: ":teamId"[39m
2024-06-09 14:59:20:5920 [31merror[39m: [31minvalid input syntax for type uuid: ":teamId"[39m
2024-06-09 15:02:31:231 [31merror[39m: [31minvalid input syntax for type uuid: ":teamId"[39m
2024-06-09 15:02:31:231 [31merror[39m: [31minvalid input syntax for type uuid: ":teamId"[39m
2024-06-09 15:03:49:349 [31merror[39m: [31mnull value in column "team_id" of relation "note" violates not-null constraint[39m
2024-06-09 15:04:43:443 [31merror[39m: [31minvalid input syntax for type uuid: ":teamId"[39m
2024-06-09 15:04:43:443 [31merror[39m: [31minvalid input syntax for type uuid: ":teamId"[39m
2024-06-09 15:05:44:544 [31merror[39m: [31minvalid input syntax for type uuid: ":teamId"[39m
2024-06-09 15:05:45:545 [31merror[39m: [31minvalid input syntax for type uuid: ":teamId"[39m
2024-06-09 15:05:57:557 [31merror[39m: [31mnull value in column "team_id" of relation "note" violates not-null constraint[39m
2024-06-09 15:07:28:728 [31merror[39m: [31minvalid input syntax for type uuid: ":teamId"[39m
2024-06-09 15:07:29:729 [31merror[39m: [31minvalid input syntax for type uuid: ":teamId"[39m
2024-06-09 15:07:46:746 [31merror[39m: [31minvalid input syntax for type uuid: "ini note"[39m
2024-06-09 15:08:01:81 [31merror[39m: [31minvalid input syntax for type uuid: ":teamId"[39m
2024-06-09 15:08:01:81 [31merror[39m: [31minvalid input syntax for type uuid: ":teamId"[39m
2024-06-09 15:08:09:89 [31merror[39m: [31minvalid input syntax for type uuid: "test note "[39m
2024-06-09 15:13:36:1336 [31merror[39m: [31mnull value in column "team_id" of relation "note" violates not-null constraint[39m
2024-06-09 15:18:48:1848 [31merror[39m: [31minvalid input syntax for type uuid: ":teamId"[39m
2024-06-09 15:21:08:218 [31merror[39m: [31minvalid input syntax for type uuid: ":teamId"[39m
2024-06-09 15:21:17:2117 [31merror[39m: [31minvalid input syntax for type uuid: ":teamId"[39m
2024-06-09 15:21:36:2136 [31merror[39m: [31minvalid input syntax for type uuid: ":teamId"[39m
2024-06-09 15:21:40:2140 [31merror[39m: [31minvalid input syntax for type uuid: "$"[39m
2024-06-09 15:21:44:2144 [31merror[39m: [31minvalid input syntax for type uuid: "undefined"[39m
2024-06-09 15:21:47:2147 [31merror[39m: [31minvalid input syntax for type uuid: "undefined"[39m
2024-06-09 15:21:47:2147 [31merror[39m: [31minvalid input syntax for type uuid: "undefined"[39m
2024-06-09 15:22:33:2233 [31merror[39m: [31minvalid input syntax for type uuid: "undefined"[39m
2024-06-09 15:22:40:2240 [31merror[39m: [31minvalid input syntax for type uuid: "undefined"[39m
2024-06-09 15:22:42:2242 [31merror[39m: [31minvalid input syntax for type uuid: "undefined"[39m
2024-06-09 15:22:42:2242 [31merror[39m: [31minvalid input syntax for type uuid: "undefined"[39m
2024-06-09 15:22:53:2253 [31merror[39m: [31minvalid input syntax for type uuid: ":teamId"[39m
2024-06-09 15:25:00:250 [31merror[39m: [31minvalid input syntax for type uuid: ":teamId"[39m
2024-06-09 15:25:00:250 [31merror[39m: [31minvalid input syntax for type uuid: ":teamId"[39m
2024-06-09 15:25:02:252 [31merror[39m: [31minvalid input syntax for type uuid: ":teamId"[39m
2024-06-09 15:25:02:252 [31merror[39m: [31minvalid input syntax for type uuid: ":teamId"[39m
2024-06-09 15:25:19:2519 [31merror[39m: [31minvalid input syntax for type uuid: ":teamId"[39m
2024-06-09 15:25:19:2519 [31merror[39m: [31minvalid input syntax for type uuid: ":teamId"[39m
2024-06-09 15:25:37:2537 [31merror[39m: [31minvalid input syntax for type uuid: ":teamId"[39m
2024-06-09 15:25:37:2537 [31merror[39m: [31minvalid input syntax for type uuid: ":teamId"[39m
2024-06-09 15:25:56:2556 [31merror[39m: [31minvalid input syntax for type uuid: ":teamId"[39m
2024-06-09 15:26:09:269 [31merror[39m: [31minvalid input syntax for type uuid: ":teamId"[39m
2024-06-09 15:30:42:3042 [31merror[39m: [31minvalid input syntax for type uuid: "getall"[39m
2024-06-09 15:32:18:3218 [31merror[39m: [31mnull value in column "title" of relation "team" violates not-null constraint[39m
2024-06-09 15:32:44:3244 [31merror[39m: [31mnull value in column "title" of relation "team" violates not-null constraint[39m
2024-06-09 15:33:30:3330 [31merror[39m: [31mnull value in column "title" of relation "team" violates not-null constraint[39m
2024-06-09 15:34:45:3445 [31merror[39m: [31minvalid input syntax for type uuid: "undefined"[39m
2024-06-09 15:34:46:3446 [31merror[39m: [31minvalid input syntax for type uuid: "undefined"[39m
2024-06-09 15:35:32:3532 [31merror[39m: [31minvalid input syntax for type uuid: ":teamId"[39m
2024-06-09 15:35:32:3532 [31merror[39m: [31minvalid input syntax for type uuid: ":teamId"[39m
2024-06-09 15:36:58:3658 [31merror[39m: [31minvalid input syntax for type uuid: ":teamId"[39m
2024-06-09 15:37:01:371 [31merror[39m: [31minvalid input syntax for type uuid: ":teamId"[39m
2024-06-09 15:37:14:3714 [31merror[39m: [31minvalid input syntax for type uuid: ":teamId"[39m
2024-06-09 15:37:19:3719 [31merror[39m: [31minvalid input syntax for type uuid: ":teamId"[39m
2024-06-09 15:38:03:383 [31merror[39m: [31minvalid input syntax for type uuid: ":teamId"[39m
2024-06-09 15:38:03:383 [31merror[39m: [31minvalid input syntax for type uuid: ":teamId"[39m
2024-06-09 15:38:11:3811 [31merror[39m: [31minvalid input syntax for type uuid: ":teamId"[39m
2024-06-09 15:38:11:3811 [31merror[39m: [31minvalid input syntax for type uuid: ":teamId"[39m
2024-06-09 15:40:39:4039 [31merror[39m: [31minvalid input syntax for type uuid: ":teamId"[39m
2024-06-09 15:40:44:4044 [31merror[39m: [31minvalid input syntax for type uuid: "$"[39m
2024-06-09 15:40:46:4046 [31merror[39m: [31minvalid input syntax for type uuid: "undefined"[39m
2024-06-09 15:41:24:4124 [31merror[39m: [31minvalid input syntax for type uuid: "undefined"[39m
2024-06-09 15:41:27:4127 [31merror[39m: [31minvalid input syntax for type uuid: "undefined"[39m
2024-06-09 15:41:31:4131 [31merror[39m: [31minvalid input syntax for type uuid: "undefined"[39m
2024-06-09 15:41:33:4133 [31merror[39m: [31minvalid input syntax for type uuid: "undefined"[39m
2024-06-09 15:41:34:4134 [31merror[39m: [31minvalid input syntax for type uuid: "undefined"[39m
2024-06-09 15:41:35:4135 [31merror[39m: [31minvalid input syntax for type uuid: "undefined"[39m
2024-06-09 15:41:40:4140 [31merror[39m: [31minvalid input syntax for type uuid: "undefined"[39m
2024-06-09 15:43:48:4348 [31merror[39m: [31minvalid input syntax for type uuid: "undefined"[39m
2024-06-09 15:44:02:442 [31merror[39m: [31minvalid input syntax for type uuid: "undefined"[39m
2024-06-09 15:44:02:442 [31merror[39m: [31minvalid input syntax for type uuid: "undefined"[39m
2024-06-09 15:46:49:4649 [31merror[39m: [31minvalid input syntax for type uuid: "undefined"[39m
2024-06-09 15:46:58:4658 [31merror[39m: [31minvalid input syntax for type uuid: "undefined"[39m
2024-06-09 15:47:00:470 [31merror[39m: [31minvalid input syntax for type uuid: "undefined"[39m
2024-06-09 15:47:00:470 [31merror[39m: [31minvalid input syntax for type uuid: "undefined"[39m
2024-06-09 15:47:08:478 [31merror[39m: [31minvalid input syntax for type uuid: "undefined"[39m
2024-06-09 15:47:08:478 [31merror[39m: [31minvalid input syntax for type uuid: "undefined"[39m
2024-06-09 15:47:22:4722 [31merror[39m: [31minvalid input syntax for type uuid: "undefined"[39m
2024-06-09 16:13:49:1349 [31merror[39m: [31minvalid input syntax for type uuid: "undefined"[39m
2024-06-09 16:14:08:148 [31merror[39m: [31mnull value in column "title" of relation "team" violates not-null constraint[39m
2024-06-09 16:29:24:2924 [31merror[39m: [31mnull value in column "owner_id" of relation "team" violates not-null constraint[39m
2024-06-09 16:29:58:2958 [31merror[39m: [31mnull value in column "owner_id" of relation "team" violates not-null constraint[39m
2024-06-09 16:29:58:2958 [31merror[39m: [31mnull value in column "owner_id" of relation "team" violates not-null constraint[39m
2024-06-09 16:40:11:4011 [31merror[39m: [31minvalid input syntax for type uuid: "undefined"[39m
2024-06-09 16:40:11:4011 [31merror[39m: [31minvalid input syntax for type uuid: "undefined"[39m
2024-06-09 16:40:38:4038 [31merror[39m: [31minvalid input syntax for type uuid: "undefined"[39m
2024-06-09 16:40:39:4039 [31merror[39m: [31minvalid input syntax for type uuid: "undefined"[39m
2024-06-09 16:41:22:4122 [31merror[39m: [31mnull value in column "owner_id" of relation "team" violates not-null constraint[39m
2024-06-09 16:43:55:4355 [31merror[39m: [31minvalid input syntax for type uuid: "undefined"[39m
2024-06-09 16:43:55:4355 [31merror[39m: [31minvalid input syntax for type uuid: "undefined"[39m
2024-06-09 16:44:05:445 [31merror[39m: [31mnull value in column "owner_id" of relation "team" violates not-null constraint[39m
2024-06-09 16:49:42:4942 [31merror[39m: [31minvalid input syntax for type uuid: "undefined"[39m
2024-06-09 16:49:43:4943 [31merror[39m: [31minvalid input syntax for type uuid: "undefined"[39m
2024-06-09 16:50:22:5022 [31merror[39m: [31minvalid input syntax for type uuid: "undefined"[39m
2024-06-09 16:50:22:5022 [31merror[39m: [31minvalid input syntax for type uuid: "undefined"[39m
2024-06-09 16:58:53:5853 [31merror[39m: [31minvalid input syntax for type uuid: "undefined"[39m
2024-06-09 16:58:54:5854 [31merror[39m: [31minvalid input syntax for type uuid: "undefined"[39m
2024-06-09 16:59:02:592 [31merror[39m: [31minvalid input syntax for type uuid: "undefined"[39m
2024-06-09 17:02:03:23 [31merror[39m: [31minvalid input syntax for type uuid: "undefined"[39m
2024-06-09 17:02:03:23 [31merror[39m: [31minvalid input syntax for type uuid: "undefined"[39m
2024-06-09 17:02:15:215 [31merror[39m: [31minvalid input syntax for type uuid: "undefined"[39m
2024-06-09 17:02:15:215 [31merror[39m: [31minvalid input syntax for type uuid: "undefined"[39m
2024-06-09 17:02:34:234 [31merror[39m: [31minvalid input syntax for type uuid: "undefined"[39m
2024-06-09 17:03:16:316 [31merror[39m: [31minvalid input syntax for type uuid: "undefined"[39m
2024-06-09 17:05:27:527 [31merror[39m: [31minvalid input syntax for type uuid: "undefined"[39m
2024-06-09 17:05:27:527 [31merror[39m: [31minvalid input syntax for type uuid: "undefined"[39m
2024-06-09 17:05:38:538 [31merror[39m: [31minvalid input syntax for type uuid: "undefined"[39m
2024-06-09 17:05:38:538 [31merror[39m: [31minvalid input syntax for type uuid: "undefined"[39m
2024-06-09 17:06:23:623 [31merror[39m: [31minvalid input syntax for type uuid: "undefined"[39m
2024-06-09 17:07:22:722 [31merror[39m: [31minvalid input syntax for type uuid: "undefined"[39m
2024-06-09 17:07:22:722 [31merror[39m: [31minvalid input syntax for type uuid: "undefined"[39m
2024-06-09 17:07:34:734 [31merror[39m: [31minvalid input syntax for type uuid: "undefined"[39m
2024-06-09 17:07:34:734 [31merror[39m: [31minvalid input syntax for type uuid: "undefined"[39m
2024-06-09 17:12:16:1216 [31merror[39m: [31minvalid input syntax for type uuid: "undefined"[39m
2024-06-09 17:12:16:1216 [31merror[39m: [31minvalid input syntax for type uuid: "undefined"[39m
2024-06-09 17:13:06:136 [31merror[39m: [31minvalid input syntax for type uuid: "undefined"[39m
2024-06-09 17:13:07:137 [31merror[39m: [31minvalid input syntax for type uuid: "undefined"[39m
2024-06-09 17:13:43:1343 [31merror[39m: [31minvalid input syntax for type uuid: "undefined"[39m
2024-06-09 17:13:44:1344 [31merror[39m: [31minvalid input syntax for type uuid: "undefined"[39m
2024-06-09 17:13:52:1352 [31merror[39m: [31minvalid input syntax for type uuid: "undefined"[39m
2024-06-09 17:13:52:1352 [31merror[39m: [31minvalid input syntax for type uuid: "undefined"[39m
2024-06-09 17:14:17:1417 [31merror[39m: [31minvalid input syntax for type uuid: "undefined"[39m
2024-06-09 17:14:17:1417 [31merror[39m: [31minvalid input syntax for type uuid: "undefined"[39m
2024-06-09 17:15:36:1536 [31merror[39m: [31minvalid input syntax for type uuid: "undefined"[39m
2024-06-09 17:15:36:1536 [31merror[39m: [31minvalid input syntax for type uuid: "undefined"[39m
2024-06-09 17:29:46:2946 [31merror[39m: [31minvalid input syntax for type uuid: "undefined"[39m
2024-06-09 17:29:46:2946 [31merror[39m: [31minvalid input syntax for type uuid: "undefined"[39m
2024-06-09 17:30:19:3019 [31merror[39m: [31minvalid input syntax for type uuid: "undefined"[39m
2024-06-09 17:30:19:3019 [31merror[39m: [31minvalid input syntax for type uuid: "undefined"[39m
2024-06-09 17:34:12:3412 [31merror[39m: [31minvalid input syntax for type uuid: "undefined"[39m
2024-06-09 17:34:13:3413 [31merror[39m: [31minvalid input syntax for type uuid: "undefined"[39m
2024-06-09 17:34:27:3427 [31merror[39m: [31minvalid input syntax for type uuid: "undefined"[39m
2024-06-09 17:37:43:3743 [31merror[39m: [31minvalid input syntax for type uuid: "undefined"[39m
2024-06-09 17:37:43:3743 [31merror[39m: [31minvalid input syntax for type uuid: "undefined"[39m
2024-06-09 17:37:53:3753 [31merror[39m: [31minvalid input syntax for type uuid: "undefined"[39m
2024-06-09 17:37:53:3753 [31merror[39m: [31minvalid input syntax for type uuid: "undefined"[39m
2024-06-09 17:39:35:3935 [31merror[39m: [31minvalid input syntax for type uuid: "undefined"[39m
2024-06-09 17:39:35:3935 [31merror[39m: [31minvalid input syntax for type uuid: "undefined"[39m
2024-06-09 17:41:25:4125 [31merror[39m: [31minvalid input syntax for type uuid: "undefined"[39m
2024-06-09 17:41:26:4126 [31merror[39m: [31minvalid input syntax for type uuid: "undefined"[39m
2024-06-09 17:45:26:4526 [31merror[39m: [31minvalid input syntax for type uuid: "undefined"[39m
2024-06-09 17:45:26:4526 [31merror[39m: [31minvalid input syntax for type uuid: "undefined"[39m
2024-06-09 17:48:47:4847 [31merror[39m: [31minvalid input syntax for type uuid: "undefined"[39m
2024-06-09 17:48:48:4848 [31merror[39m: [31minvalid input syntax for type uuid: "undefined"[39m
2024-06-09 17:49:01:491 [31merror[39m: [31minvalid input syntax for type uuid: "undefined"[39m
2024-06-09 17:54:00:540 [31merror[39m: [31minvalid input syntax for type uuid: "undefined"[39m
2024-06-09 17:54:00:540 [31merror[39m: [31minvalid input syntax for type uuid: "undefined"[39m
2024-06-09 18:06:06:66 [31merror[39m: [31minvalid input syntax for type uuid: "getAllTeams"[39m
2024-06-09 18:06:23:623 [31merror[39m: [31minvalid input syntax for type uuid: "getAllTeams"[39m
2024-06-09 18:06:23:623 [31merror[39m: [31minvalid input syntax for type uuid: "getAllTeams"[39m
2024-06-09 18:07:13:713 [31merror[39m: [31minvalid input syntax for type uuid: "getAllTeams"[39m
2024-06-09 18:08:47:847 [31merror[39m: [31minvalid input syntax for type uuid: "getAllTeams"[39m
2024-06-09 18:10:40:1040 [31merror[39m: [31minvalid input syntax for type uuid: "getAll"[39m
2024-06-09 18:11:39:1139 [31merror[39m: [31minvalid input syntax for type uuid: "ahay"[39m
2024-06-09 18:12:03:123 [31merror[39m: [31minvalid input syntax for type uuid: "ahay"[39m
2024-06-09 18:12:07:127 [31merror[39m: [31minvalid input syntax for type uuid: "teams"[39m
2024-06-09 18:13:23:1323 [31merror[39m: [31minvalid input syntax for type uuid: "undefined"[39m
2024-06-09 18:13:23:1323 [31merror[39m: [31minvalid input syntax for type uuid: "undefined"[39m
2024-06-09 18:14:39:1439 [31merror[39m: [31minvalid input syntax for type uuid: "undefined"[39m
2024-06-09 18:14:39:1439 [31merror[39m: [31minvalid input syntax for type uuid: "undefined"[39m
2024-06-09 18:17:36:1736 [31merror[39m: [31minvalid input syntax for type uuid: "undefined"[39m
2024-06-09 18:17:36:1736 [31merror[39m: [31minvalid input syntax for type uuid: "undefined"[39m
2024-06-09 18:21:34:2134 [31merror[39m: [31minvalid input syntax for type uuid: "undefined"[39m
2024-06-09 18:21:34:2134 [31merror[39m: [31minvalid input syntax for type uuid: "undefined"[39m
2024-06-09 18:26:17:2617 [31merror[39m: [31minvalid input syntax for type uuid: "undefined"[39m
2024-06-09 18:26:28:2628 [31merror[39m: [31minvalid input syntax for type uuid: "undefined"[39m
2024-06-09 18:26:28:2628 [31merror[39m: [31minvalid input syntax for type uuid: "undefined"[39m
2024-06-09 18:27:50:2750 [31merror[39m: [31minvalid input syntax for type uuid: "undefined"[39m
2024-06-09 18:27:53:2753 [31merror[39m: [31minvalid input syntax for type uuid: "undefined"[39m
2024-06-09 18:27:53:2753 [31merror[39m: [31minvalid input syntax for type uuid: "undefined"[39m
2024-06-09 18:28:04:284 [31merror[39m: [31minvalid input syntax for type uuid: "undefined"[39m
2024-06-09 18:28:04:284 [31merror[39m: [31minvalid input syntax for type uuid: "undefined"[39m
2024-06-09 18:28:22:2822 [31merror[39m: [31minvalid input syntax for type uuid: "undefined"[39m
2024-06-09 18:28:25:2825 [31merror[39m: [31minvalid input syntax for type uuid: "undefined"[39m
2024-06-09 18:28:34:2834 [31merror[39m: [31minvalid input syntax for type uuid: "undefined"[39m
2024-06-09 18:30:52:3052 [31merror[39m: [31minvalid input syntax for type uuid: "undefined"[39m
2024-06-09 18:30:54:3054 [31merror[39m: [31minvalid input syntax for type uuid: "undefined"[39m
2024-06-09 18:30:54:3054 [31merror[39m: [31minvalid input syntax for type uuid: "undefined"[39m
2024-06-09 18:32:52:3252 [31merror[39m: [31minvalid input syntax for type uuid: "undefined"[39m
2024-06-09 18:32:52:3252 [31merror[39m: [31minvalid input syntax for type uuid: "undefined"[39m
2024-06-09 18:35:13:3513 [31merror[39m: [31minvalid input syntax for type uuid: "undefined"[39m
2024-06-09 18:35:14:3514 [31merror[39m: [31minvalid input syntax for type uuid: "undefined"[39m
2024-06-09 18:35:16:3516 [31merror[39m: [31minvalid input syntax for type uuid: "undefined"[39m
2024-06-09 18:35:19:3519 [31merror[39m: [31minvalid input syntax for type uuid: "undefined"[39m
2024-06-09 18:35:19:3519 [31merror[39m: [31minvalid input syntax for type uuid: "undefined"[39m
2024-06-09 18:35:31:3531 [31merror[39m: [31minvalid input syntax for type uuid: "undefined"[39m
2024-06-09 18:42:34:4234 [31merror[39m: [31minvalid input syntax for type uuid: "undefined"[39m
2024-06-09 18:42:34:4234 [31merror[39m: [31minvalid input syntax for type uuid: "undefined"[39m
2024-06-09 18:48:47:4847 [31merror[39m: [31minvalid input syntax for type uuid: "undefined"[39m
2024-06-09 18:48:52:4852 [31merror[39m: [31minvalid input syntax for type uuid: "undefined"[39m
2024-06-09 18:48:52:4852 [31merror[39m: [31minvalid input syntax for type uuid: "undefined"[39m
2024-06-09 21:44:44:4444 [31merror[39m: [31mnull value in column "team_id" of relation "note" violates not-null constraint[39m
2024-06-09 21:45:08:458 [31merror[39m: [31mnull value in column "team_id" of relation "note" violates not-null constraint[39m
2024-06-09 21:45:09:459 [31merror[39m: [31mnull value in column "team_id" of relation "note" violates not-null constraint[39m
2024-06-09 21:49:16:4916 [31merror[39m: [31mnull value in column "team_id" of relation "note" violates not-null constraint[39m
2024-06-09 21:49:51:4951 [31merror[39m: [31mnull value in column "team_id" of relation "note" violates not-null constraint[39m
2024-06-09 21:50:59:5059 [31merror[39m: [31mnull value in column "team_id" of relation "note" violates not-null constraint[39m
2024-06-09 21:54:15:5415 [31merror[39m: [31mnull value in column "owner_id" of relation "team" violates not-null constraint[39m
2024-06-09 21:56:38:5638 [31merror[39m: [31mnull value in column "team_id" of relation "note" violates not-null constraint[39m
2024-06-09 21:58:11:5811 [31merror[39m: [31mnull value in column "team_id" of relation "note" violates not-null constraint[39m
2024-06-09 21:59:00:590 [31merror[39m: [31mnull value in column "team_id" of relation "note" violates not-null constraint[39m
2024-06-09 22:03:01:31 [31merror[39m: [31minvalid input syntax for type uuid: "undefined"[39m
2024-06-09 22:03:01:31 [31merror[39m: [31minvalid input syntax for type uuid: "undefined"[39m
2024-06-09 22:03:26:326 [31merror[39m: [31minvalid input syntax for type uuid: "undefined"[39m
2024-06-09 22:03:26:326 [31merror[39m: [31minvalid input syntax for type uuid: "undefined"[39m
2024-06-09 22:03:55:355 [31merror[39m: [31minvalid input syntax for type uuid: "undefined"[39m
2024-06-09 22:06:11:611 [31merror[39m: [31mnull value in column "team_id" of relation "note" violates not-null constraint[39m
2024-06-09 22:06:33:633 [31merror[39m: [31mnull value in column "team_id" of relation "note" violates not-null constraint[39m
2024-06-09 22:07:30:730 [31merror[39m: [31mnull value in column "team_id" of relation "note" violates not-null constraint[39m
2024-06-09 22:08:11:811 [31merror[39m: [31mnull value in column "team_id" of relation "note" violates not-null constraint[39m
2024-06-09 22:10:20:1020 [31merror[39m: [31mnull value in column "team_id" of relation "note" violates not-null constraint[39m
2024-06-09 22:10:49:1049 [31merror[39m: [31mnull value in column "team_id" of relation "note" violates not-null constraint[39m
2024-06-09 22:10:56:1056 [31merror[39m: [31mnull value in column "team_id" of relation "note" violates not-null constraint[39m
2024-06-09 22:13:52:1352 [31merror[39m: [31mnull value in column "team_id" of relation "note" violates not-null constraint[39m
2024-06-09 22:14:56:1456 [31merror[39m: [31mnull value in column "team_id" of relation "note" violates not-null constraint[39m
2024-06-09 22:15:10:1510 [31merror[39m: [31mnull value in column "team_id" of relation "note" violates not-null constraint[39m
2024-06-09 22:18:01:181 [31merror[39m: [31mnull value in column "team_id" of relation "note" violates not-null constraint[39m
2024-06-09 22:19:07:197 [31merror[39m: [31mnull value in column "team_id" of relation "note" violates not-null constraint[39m
2024-06-09 22:20:26:2026 [31merror[39m: [31minvalid input syntax for type uuid: "undefined"[39m
2024-06-09 22:20:26:2026 [31merror[39m: [31minvalid input syntax for type uuid: "undefined"[39m
2024-06-09 22:20:30:2030 [31merror[39m: [31minvalid input syntax for type uuid: "undefined"[39m
2024-06-09 22:20:30:2030 [31merror[39m: [31minvalid input syntax for type uuid: "undefined"[39m
2024-06-09 22:20:49:2049 [31merror[39m: [31mnull value in column "team_id" of relation "note" violates not-null constraint[39m
2024-06-09 22:22:37:2237 [31merror[39m: [31minvalid input syntax for type uuid: "undefined"[39m
2024-06-09 22:22:38:2238 [31merror[39m: [31minvalid input syntax for type uuid: "undefined"[39m
2024-06-09 22:23:22:2322 [31merror[39m: [31mnull value in column "team_id" of relation "note" violates not-null constraint[39m
2024-06-09 22:26:14:2614 [31merror[39m: [31mnull value in column "team_id" of relation "note" violates not-null constraint[39m
2024-06-09 22:37:37:3737 [31merror[39m: [31minvalid input syntax for type uuid: "1"[39m
2024-06-09 22:37:39:3739 [31merror[39m: [31minvalid input syntax for type uuid: "1"[39m
2024-06-09 22:47:09:479 [31merror[39m: [31minvalid input syntax for type uuid: "bbb"[39m
2024-06-09 22:52:41:5241 [31merror[39m: [31minvalid input syntax for type uuid: "undefined"[39m
2024-06-09 22:52:44:5244 [31merror[39m: [31minvalid input syntax for type uuid: "undefined"[39m
2024-06-09 22:56:24:5624 [31merror[39m: [31minvalid input syntax for type uuid: ":teamId"[39m
2024-06-09 22:56:29:5629 [31merror[39m: [31minvalid input syntax for type uuid: ":teamId"[39m
2024-06-09 22:57:04:574 [31merror[39m: [31minvalid input syntax for type uuid: ":teamId"[39m
2024-06-09 22:58:22:5822 [31merror[39m: [31minvalid input syntax for type uuid: ":teamId"[39m
